# JRE version: Java(TM) SE Runtime Environment (8.0_60-b27) (build 1.8.0_60-b27)
# Java VM: Java HotSpot(TM) 64-Bit Server VM (25.60-b23 mixed mode windows-amd64 compressed oops)
Heap:
 PSYoungGen      total 29184K, used 2540K [0x00000000d5f80000, 0x00000000d7d00000, 0x0000000100000000)
  eden space 28672K, 8% used [0x00000000d5f80000,0x00000000d61eb188,0x00000000d7b80000)
  from space 512K, 12% used [0x00000000d7c80000,0x00000000d7c90000,0x00000000d7d00000)
  to   space 512K, 0% used [0x00000000d7c00000,0x00000000d7c00000,0x00000000d7c80000)
 ParOldGen       total 87552K, used 7896K [0x0000000081e00000, 0x0000000087380000, 0x00000000d5f80000)
  object space 87552K, 9% used [0x0000000081e00000,0x00000000825b63c0,0x0000000087380000)
 Metaspace       used 14456K, capacity 14724K, committed 14976K, reserved 1062912K
  class space    used 1687K, capacity 1798K, committed 1920K, reserved 1048576K
GC Heap History (10 events):
Event: 489959.576 GC heap before
{Heap before GC invocations=950 (full 0):
 PSYoungGen      total 24576K, used 24128K [0x00000000d5f80000, 0x00000000d7d00000, 0x0000000100000000)
  eden space 24064K, 100% used [0x00000000d5f80000,0x00000000d7700000,0x00000000d7700000)
  from space 512K, 12% used [0x00000000d7c00000,0x00000000d7c10000,0x00000000d7c80000)
  to   space 512K, 0% used [0x00000000d7c80000,0x00000000d7c80000,0x00000000d7d00000)
 ParOldGen       total 87552K, used 7872K [0x0000000081e00000, 0x0000000087380000, 0x00000000d5f80000)
  object space 87552K, 8% used [0x0000000081e00000,0x00000000825b03c0,0x0000000087380000)
 Metaspace       used 14456K, capacity 14724K, committed 14976K, reserved 1062912K
  class space    used 1687K, capacity 1798K, committed 1920K, reserved 1048576K
Event: 489959.608 GC heap after
Heap after GC invocations=950 (full 0):
 PSYoungGen      total 24576K, used 128K [0x00000000d5f80000, 0x00000000d7d00000, 0x0000000100000000)
  eden space 24064K, 0% used [0x00000000d5f80000,0x00000000d5f80000,0x00000000d7700000)
  from space 512K, 25% used [0x00000000d7c80000,0x00000000d7ca0000,0x00000000d7d00000)
  to   space 512K, 0% used [0x00000000d7c00000,0x00000000d7c00000,0x00000000d7c80000)
 ParOldGen       total 87552K, used 7872K [0x0000000081e00000, 0x0000000087380000, 0x00000000d5f80000)
  object space 87552K, 8% used [0x0000000081e00000,0x00000000825b03c0,0x0000000087380000)
 Metaspace       used 14456K, capacity 14724K, committed 14976K, reserved 1062912K
  class space    used 1687K, capacity 1798K, committed 1920K, reserved 1048576K
}
Event: 489977.411 GC heap before
{Heap before GC invocations=951 (full 0):
 PSYoungGen      total 24576K, used 24147K [0x00000000d5f80000, 0x00000000d7d00000, 0x0000000100000000)
  eden space 24064K, 99% used [0x00000000d5f80000,0x00000000d76f4c68,0x00000000d7700000)
  from space 512K, 25% used [0x00000000d7c80000,0x00000000d7ca0000,0x00000000d7d00000)
  to   space 512K, 0% used [0x00000000d7c00000,0x00000000d7c00000,0x00000000d7c80000)
 ParOldGen       total 87552K, used 7872K [0x0000000081e00000, 0x0000000087380000, 0x00000000d5f80000)
  object space 87552K, 8% used [0x0000000081e00000,0x00000000825b03c0,0x0000000087380000)
 Metaspace       used 14456K, capacity 14724K, committed 14976K, reserved 1062912K
  class space    used 1687K, capacity 1798K, committed 1920K, reserved 1048576K
Event: 489977.412 GC heap after
Heap after GC invocations=951 (full 0):
 PSYoungGen      total 24576K, used 32K [0x00000000d5f80000, 0x00000000d7d00000, 0x0000000100000000)
  eden space 24064K, 0% used [0x00000000d5f80000,0x00000000d5f80000,0x00000000d7700000)
  from space 512K, 6% used [0x00000000d7c00000,0x00000000d7c08000,0x00000000d7c80000)
  to   space 512K, 0% used [0x00000000d7c80000,0x00000000d7c80000,0x00000000d7d00000)
 ParOldGen       total 87552K, used 7896K [0x0000000081e00000, 0x0000000087380000, 0x00000000d5f80000)
  object space 87552K, 9% used [0x0000000081e00000,0x00000000825b63c0,0x0000000087380000)
 Metaspace       used 14456K, capacity 14724K, committed 14976K, reserved 1062912K
  class space    used 1687K, capacity 1798K, committed 1920K, reserved 1048576K
}
Event: 489977.844 GC heap before
{Heap before GC invocations=952 (full 0):
 PSYoungGen      total 24576K, used 24096K [0x00000000d5f80000, 0x00000000d7d00000, 0x0000000100000000)
  eden space 24064K, 100% used [0x00000000d5f80000,0x00000000d7700000,0x00000000d7700000)
  from space 512K, 6% used [0x00000000d7c00000,0x00000000d7c08000,0x00000000d7c80000)
  to   space 512K, 0% used [0x00000000d7c80000,0x00000000d7c80000,0x00000000d7d00000)
 ParOldGen       total 87552K, used 7896K [0x0000000081e00000, 0x0000000087380000, 0x00000000d5f80000)
  object space 87552K, 9% used [0x0000000081e00000,0x00000000825b63c0,0x0000000087380000)
 Metaspace       used 14456K, capacity 14724K, committed 14976K, reserved 1062912K
  class space    used 1687K, capacity 1798K, committed 1920K, reserved 1048576K
Event: 489977.844 GC heap after
Heap after GC invocations=952 (full 0):
 PSYoungGen      total 24576K, used 64K [0x00000000d5f80000, 0x00000000d7d00000, 0x0000000100000000)
  eden space 24064K, 0% used [0x00000000d5f80000,0x00000000d5f80000,0x00000000d7700000)
  from space 512K, 12% used [0x00000000d7c80000,0x00000000d7c90000,0x00000000d7d00000)
  to   space 512K, 0% used [0x00000000d7c00000,0x00000000d7c00000,0x00000000d7c80000)
 ParOldGen       total 87552K, used 7896K [0x0000000081e00000, 0x0000000087380000, 0x00000000d5f80000)
  object space 87552K, 9% used [0x0000000081e00000,0x00000000825b63c0,0x0000000087380000)
 Metaspace       used 14456K, capacity 14724K, committed 14976K, reserved 1062912K
  class space    used 1687K, capacity 1798K, committed 1920K, reserved 1048576K
}
Event: 489978.294 GC heap before
{Heap before GC invocations=953 (full 0):
 PSYoungGen      total 24576K, used 24072K [0x00000000d5f80000, 0x00000000d7d00000, 0x0000000100000000)
  eden space 24064K, 99% used [0x00000000d5f80000,0x00000000d76f2348,0x00000000d7700000)
  from space 512K, 12% used [0x00000000d7c80000,0x00000000d7c90000,0x00000000d7d00000)
  to   space 512K, 0% used [0x00000000d7c00000,0x00000000d7c00000,0x00000000d7c80000)
 ParOldGen       total 87552K, used 7896K [0x0000000081e00000, 0x0000000087380000, 0x00000000d5f80000)
  object space 87552K, 9% used [0x0000000081e00000,0x00000000825b63c0,0x0000000087380000)
 Metaspace       used 14456K, capacity 14724K, committed 14976K, reserved 1062912K
  class space    used 1687K, capacity 1798K, committed 1920K, reserved 1048576K
Event: 489978.317 GC heap after
Heap after GC invocations=953 (full 0):
 PSYoungGen      total 29696K, used 96K [0x00000000d5f80000, 0x00000000d7d00000, 0x0000000100000000)
  eden space 29184K, 0% used [0x00000000d5f80000,0x00000000d5f80000,0x00000000d7c00000)
  from space 512K, 18% used [0x00000000d7c00000,0x00000000d7c18000,0x00000000d7c80000)
  to   space 512K, 0% used [0x00000000d7c80000,0x00000000d7c80000,0x00000000d7d00000)
 ParOldGen       total 87552K, used 7896K [0x0000000081e00000, 0x0000000087380000, 0x00000000d5f80000)
  object space 87552K, 9% used [0x0000000081e00000,0x00000000825b63c0,0x0000000087380000)
 Metaspace       used 14456K, capacity 14724K, committed 14976K, reserved 1062912K
  class space    used 1687K, capacity 1798K, committed 1920K, reserved 1048576K
}
Event: 489978.930 GC heap before
{Heap before GC invocations=954 (full 0):
 PSYoungGen      total 29696K, used 29259K [0x00000000d5f80000, 0x00000000d7d00000, 0x0000000100000000)
  eden space 29184K, 99% used [0x00000000d5f80000,0x00000000d7bfacc0,0x00000000d7c00000)
  from space 512K, 18% used [0x00000000d7c00000,0x00000000d7c18000,0x00000000d7c80000)
  to   space 512K, 0% used [0x00000000d7c80000,0x00000000d7c80000,0x00000000d7d00000)
 ParOldGen       total 87552K, used 7896K [0x0000000081e00000, 0x0000000087380000, 0x00000000d5f80000)
  object space 87552K, 9% used [0x0000000081e00000,0x00000000825b63c0,0x0000000087380000)
 Metaspace       used 14456K, capacity 14724K, committed 14976K, reserved 1062912K
  class space    used 1687K, capacity 1798K, committed 1920K, reserved 1048576K
Event: 489978.930 GC heap after
Heap after GC invocations=954 (full 0):
 PSYoungGen      total 29184K, used 64K [0x00000000d5f80000, 0x00000000d7d00000, 0x0000000100000000)
  eden space 28672K, 0% used [0x00000000d5f80000,0x00000000d5f80000,0x00000000d7b80000)
  from space 512K, 12% used [0x00000000d7c80000,0x00000000d7c90000,0x00000000d7d00000)
  to   space 512K, 0% used [0x00000000d7c00000,0x00000000d7c00000,0x00000000d7c80000)
 ParOldGen       total 87552K, used 7896K [0x0000000081e00000, 0x0000000087380000, 0x00000000d5f80000)
  object space 87552K, 9% used [0x0000000081e00000,0x00000000825b63c0,0x0000000087380000)
 Metaspace       used 14456K, capacity 14724K, committed 14976K, reserved 1062912K
  class space    used 1687K, capacity 1798K, committed 1920K, reserved 1048576K
}

