# JRE version: Java(TM) SE Runtime Environment (8.0_60-b27) (build 1.8.0_60-b27)
# Java VM: Java HotSpot(TM) 64-Bit Server VM (25.60-b23 mixed mode windows-amd64 compressed oops)
Heap:
 PSYoungGen      total 74240K, used 11823K [0x00000000d5f80000, 0x00000000dbf80000, 0x0000000100000000)
  eden space 73728K, 15% used [0x00000000d5f80000,0x00000000d6b03de0,0x00000000da780000)
  from space 512K, 6% used [0x00000000dbf00000,0x00000000dbf08000,0x00000000dbf80000)
  to   space 512K, 0% used [0x00000000dbe80000,0x00000000dbe80000,0x00000000dbf00000)
 ParOldGen       total 87552K, used 1324K [0x0000000081e00000, 0x0000000087380000, 0x00000000d5f80000)
  object space 87552K, 1% used [0x0000000081e00000,0x0000000081f4b378,0x0000000087380000)
 Metaspace       used 8132K, capacity 8272K, committed 8576K, reserved 1056768K
  class space    used 961K, capacity 1028K, committed 1152K, reserved 1048576K
GC Heap History (10 events):
Event: 1884.497 GC heap before
{Heap before GC invocations=84 (full 0):
 PSYoungGen      total 29696K, used 29216K [0x00000000d5f80000, 0x00000000dbf80000, 0x0000000100000000)
  eden space 29184K, 100% used [0x00000000d5f80000,0x00000000d7c00000,0x00000000d7c00000)
  from space 512K, 6% used [0x00000000dbe80000,0x00000000dbe88000,0x00000000dbf00000)
  to   space 512K, 0% used [0x00000000dbf00000,0x00000000dbf00000,0x00000000dbf80000)
 ParOldGen       total 87552K, used 1324K [0x0000000081e00000, 0x0000000087380000, 0x00000000d5f80000)
  object space 87552K, 1% used [0x0000000081e00000,0x0000000081f4b378,0x0000000087380000)
 Metaspace       used 8131K, capacity 8272K, committed 8576K, reserved 1056768K
  class space    used 961K, capacity 1028K, committed 1152K, reserved 1048576K
Event: 1884.498 GC heap after
Heap after GC invocations=84 (full 0):
 PSYoungGen      total 35840K, used 32K [0x00000000d5f80000, 0x00000000dbf80000, 0x0000000100000000)
  eden space 35328K, 0% used [0x00000000d5f80000,0x00000000d5f80000,0x00000000d8200000)
  from space 512K, 6% used [0x00000000dbf00000,0x00000000dbf08000,0x00000000dbf80000)
  to   space 512K, 0% used [0x00000000dbe80000,0x00000000dbe80000,0x00000000dbf00000)
 ParOldGen       total 87552K, used 1324K [0x0000000081e00000, 0x0000000087380000, 0x00000000d5f80000)
  object space 87552K, 1% used [0x0000000081e00000,0x0000000081f4b378,0x0000000087380000)
 Metaspace       used 8131K, capacity 8272K, committed 8576K, reserved 1056768K
  class space    used 961K, capacity 1028K, committed 1152K, reserved 1048576K
}
Event: 1884.590 GC heap before
{Heap before GC invocations=85 (full 0):
 PSYoungGen      total 35840K, used 35360K [0x00000000d5f80000, 0x00000000dbf80000, 0x0000000100000000)
  eden space 35328K, 100% used [0x00000000d5f80000,0x00000000d8200000,0x00000000d8200000)
  from space 512K, 6% used [0x00000000dbf00000,0x00000000dbf08000,0x00000000dbf80000)
  to   space 512K, 0% used [0x00000000dbe80000,0x00000000dbe80000,0x00000000dbf00000)
 ParOldGen       total 87552K, used 1324K [0x0000000081e00000, 0x0000000087380000, 0x00000000d5f80000)
  object space 87552K, 1% used [0x0000000081e00000,0x0000000081f4b378,0x0000000087380000)
 Metaspace       used 8132K, capacity 8272K, committed 8576K, reserved 1056768K
  class space    used 961K, capacity 1028K, committed 1152K, reserved 1048576K
Event: 1884.594 GC heap after
Heap after GC invocations=85 (full 0):
 PSYoungGen      total 43008K, used 64K [0x00000000d5f80000, 0x00000000dbf80000, 0x0000000100000000)
  eden space 42496K, 0% used [0x00000000d5f80000,0x00000000d5f80000,0x00000000d8900000)
  from space 512K, 12% used [0x00000000dbe80000,0x00000000dbe90000,0x00000000dbf00000)
  to   space 512K, 0% used [0x00000000dbf00000,0x00000000dbf00000,0x00000000dbf80000)
 ParOldGen       total 87552K, used 1324K [0x0000000081e00000, 0x0000000087380000, 0x00000000d5f80000)
  object space 87552K, 1% used [0x0000000081e00000,0x0000000081f4b378,0x0000000087380000)
 Metaspace       used 8132K, capacity 8272K, committed 8576K, reserved 1056768K
  class space    used 961K, capacity 1028K, committed 1152K, reserved 1048576K
}
Event: 1884.737 GC heap before
{Heap before GC invocations=86 (full 0):
 PSYoungGen      total 43008K, used 42560K [0x00000000d5f80000, 0x00000000dbf80000, 0x0000000100000000)
  eden space 42496K, 100% used [0x00000000d5f80000,0x00000000d8900000,0x00000000d8900000)
  from space 512K, 12% used [0x00000000dbe80000,0x00000000dbe90000,0x00000000dbf00000)
  to   space 512K, 0% used [0x00000000dbf00000,0x00000000dbf00000,0x00000000dbf80000)
 ParOldGen       total 87552K, used 1324K [0x0000000081e00000, 0x0000000087380000, 0x00000000d5f80000)
  object space 87552K, 1% used [0x0000000081e00000,0x0000000081f4b378,0x0000000087380000)
 Metaspace       used 8132K, capacity 8272K, committed 8576K, reserved 1056768K
  class space    used 961K, capacity 1028K, committed 1152K, reserved 1048576K
Event: 1884.737 GC heap after
Heap after GC invocations=86 (full 0):
 PSYoungGen      total 51712K, used 32K [0x00000000d5f80000, 0x00000000dbf80000, 0x0000000100000000)
  eden space 51200K, 0% used [0x00000000d5f80000,0x00000000d5f80000,0x00000000d9180000)
  from space 512K, 6% used [0x00000000dbf00000,0x00000000dbf08000,0x00000000dbf80000)
  to   space 512K, 0% used [0x00000000dbe80000,0x00000000dbe80000,0x00000000dbf00000)
 ParOldGen       total 87552K, used 1324K [0x0000000081e00000, 0x0000000087380000, 0x00000000d5f80000)
  object space 87552K, 1% used [0x0000000081e00000,0x0000000081f4b378,0x0000000087380000)
 Metaspace       used 8132K, capacity 8272K, committed 8576K, reserved 1056768K
  class space    used 961K, capacity 1028K, committed 1152K, reserved 1048576K
}
Event: 1885.080 GC heap before
{Heap before GC invocations=87 (full 0):
 PSYoungGen      total 51712K, used 51232K [0x00000000d5f80000, 0x00000000dbf80000, 0x0000000100000000)
  eden space 51200K, 100% used [0x00000000d5f80000,0x00000000d9180000,0x00000000d9180000)
  from space 512K, 6% used [0x00000000dbf00000,0x00000000dbf08000,0x00000000dbf80000)
  to   space 512K, 0% used [0x00000000dbe80000,0x00000000dbe80000,0x00000000dbf00000)
 ParOldGen       total 87552K, used 1324K [0x0000000081e00000, 0x0000000087380000, 0x00000000d5f80000)
  object space 87552K, 1% used [0x0000000081e00000,0x0000000081f4b378,0x0000000087380000)
 Metaspace       used 8132K, capacity 8272K, committed 8576K, reserved 1056768K
  class space    used 961K, capacity 1028K, committed 1152K, reserved 1048576K
Event: 1885.081 GC heap after
Heap after GC invocations=87 (full 0):
 PSYoungGen      total 61952K, used 96K [0x00000000d5f80000, 0x00000000dbf80000, 0x0000000100000000)
  eden space 61440K, 0% used [0x00000000d5f80000,0x00000000d5f80000,0x00000000d9b80000)
  from space 512K, 18% used [0x00000000dbe80000,0x00000000dbe98000,0x00000000dbf00000)
  to   space 512K, 0% used [0x00000000dbf00000,0x00000000dbf00000,0x00000000dbf80000)
 ParOldGen       total 87552K, used 1324K [0x0000000081e00000, 0x0000000087380000, 0x00000000d5f80000)
  object space 87552K, 1% used [0x0000000081e00000,0x0000000081f4b378,0x0000000087380000)
 Metaspace       used 8132K, capacity 8272K, committed 8576K, reserved 1056768K
  class space    used 961K, capacity 1028K, committed 1152K, reserved 1048576K
}
Event: 1885.601 GC heap before
{Heap before GC invocations=88 (full 0):
 PSYoungGen      total 61952K, used 61536K [0x00000000d5f80000, 0x00000000dbf80000, 0x0000000100000000)
  eden space 61440K, 100% used [0x00000000d5f80000,0x00000000d9b80000,0x00000000d9b80000)
  from space 512K, 18% used [0x00000000dbe80000,0x00000000dbe98000,0x00000000dbf00000)
  to   space 512K, 0% used [0x00000000dbf00000,0x00000000dbf00000,0x00000000dbf80000)
 ParOldGen       total 87552K, used 1324K [0x0000000081e00000, 0x0000000087380000, 0x00000000d5f80000)
  object space 87552K, 1% used [0x0000000081e00000,0x0000000081f4b378,0x0000000087380000)
 Metaspace       used 8132K, capacity 8272K, committed 8576K, reserved 1056768K
  class space    used 961K, capacity 1028K, committed 1152K, reserved 1048576K
Event: 1885.632 GC heap after
Heap after GC invocations=88 (full 0):
 PSYoungGen      total 74240K, used 32K [0x00000000d5f80000, 0x00000000dbf80000, 0x0000000100000000)
  eden space 73728K, 0% used [0x00000000d5f80000,0x00000000d5f80000,0x00000000da780000)
  from space 512K, 6% used [0x00000000dbf00000,0x00000000dbf08000,0x00000000dbf80000)
  to   space 512K, 0% used [0x00000000dbe80000,0x00000000dbe80000,0x00000000dbf00000)
 ParOldGen       total 87552K, used 1324K [0x0000000081e00000, 0x0000000087380000, 0x00000000d5f80000)
  object space 87552K, 1% used [0x0000000081e00000,0x0000000081f4b378,0x0000000087380000)
 Metaspace       used 8132K, capacity 8272K, committed 8576K, reserved 1056768K
  class space    used 961K, capacity 1028K, committed 1152K, reserved 1048576K
}

