# JRE version: Java(TM) SE Runtime Environment (8.0_60-b27) (build 1.8.0_60-b27)
# Java VM: Java HotSpot(TM) 64-Bit Server VM (25.60-b23 mixed mode windows-amd64 compressed oops)
Heap:
 PSYoungGen      total 24576K, used 8185K [0x00000000d5f80000, 0x00000000d7d00000, 0x0000000100000000)
  eden space 24064K, 33% used [0x00000000d5f80000,0x00000000d675e728,0x00000000d7700000)
  from space 512K, 25% used [0x00000000d7c80000,0x00000000d7ca0000,0x00000000d7d00000)
  to   space 512K, 0% used [0x00000000d7c00000,0x00000000d7c00000,0x00000000d7c80000)
 ParOldGen       total 87552K, used 11477K [0x0000000081e00000, 0x0000000087380000, 0x00000000d5f80000)
  object space 87552K, 13% used [0x0000000081e00000,0x0000000082935608,0x0000000087380000)
 Metaspace       used 15116K, capacity 15470K, committed 15744K, reserved 1062912K
  class space    used 1691K, capacity 1811K, committed 1920K, reserved 1048576K
GC Heap History (10 events):
Event: 655230.164 GC heap before
{Heap before GC invocations=660 (full 0):
 PSYoungGen      total 24576K, used 24160K [0x00000000d5f80000, 0x00000000d7d00000, 0x0000000100000000)
  eden space 24064K, 100% used [0x00000000d5f80000,0x00000000d7700000,0x00000000d7700000)
  from space 512K, 18% used [0x00000000d7c00000,0x00000000d7c18000,0x00000000d7c80000)
  to   space 512K, 0% used [0x00000000d7c80000,0x00000000d7c80000,0x00000000d7d00000)
 ParOldGen       total 87552K, used 11421K [0x0000000081e00000, 0x0000000087380000, 0x00000000d5f80000)
  object space 87552K, 13% used [0x0000000081e00000,0x0000000082927608,0x0000000087380000)
 Metaspace       used 15116K, capacity 15470K, committed 15744K, reserved 1062912K
  class space    used 1691K, capacity 1811K, committed 1920K, reserved 1048576K
Event: 655230.273 GC heap after
Heap after GC invocations=660 (full 0):
 PSYoungGen      total 24576K, used 96K [0x00000000d5f80000, 0x00000000d7d00000, 0x0000000100000000)
  eden space 24064K, 0% used [0x00000000d5f80000,0x00000000d5f80000,0x00000000d7700000)
  from space 512K, 18% used [0x00000000d7c80000,0x00000000d7c98000,0x00000000d7d00000)
  to   space 512K, 0% used [0x00000000d7c00000,0x00000000d7c00000,0x00000000d7c80000)
 ParOldGen       total 87552K, used 11437K [0x0000000081e00000, 0x0000000087380000, 0x00000000d5f80000)
  object space 87552K, 13% used [0x0000000081e00000,0x000000008292b608,0x0000000087380000)
 Metaspace       used 15116K, capacity 15470K, committed 15744K, reserved 1062912K
  class space    used 1691K, capacity 1811K, committed 1920K, reserved 1048576K
}
Event: 657537.112 GC heap before
{Heap before GC invocations=661 (full 0):
 PSYoungGen      total 24576K, used 24160K [0x00000000d5f80000, 0x00000000d7d00000, 0x0000000100000000)
  eden space 24064K, 100% used [0x00000000d5f80000,0x00000000d7700000,0x00000000d7700000)
  from space 512K, 18% used [0x00000000d7c80000,0x00000000d7c98000,0x00000000d7d00000)
  to   space 512K, 0% used [0x00000000d7c00000,0x00000000d7c00000,0x00000000d7c80000)
 ParOldGen       total 87552K, used 11437K [0x0000000081e00000, 0x0000000087380000, 0x00000000d5f80000)
  object space 87552K, 13% used [0x0000000081e00000,0x000000008292b608,0x0000000087380000)
 Metaspace       used 15116K, capacity 15470K, committed 15744K, reserved 1062912K
  class space    used 1691K, capacity 1811K, committed 1920K, reserved 1048576K
Event: 657537.544 GC heap after
Heap after GC invocations=661 (full 0):
 PSYoungGen      total 24576K, used 32K [0x00000000d5f80000, 0x00000000d7d00000, 0x0000000100000000)
  eden space 24064K, 0% used [0x00000000d5f80000,0x00000000d5f80000,0x00000000d7700000)
  from space 512K, 6% used [0x00000000d7c00000,0x00000000d7c08000,0x00000000d7c80000)
  to   space 512K, 0% used [0x00000000d7c80000,0x00000000d7c80000,0x00000000d7d00000)
 ParOldGen       total 87552K, used 11445K [0x0000000081e00000, 0x0000000087380000, 0x00000000d5f80000)
  object space 87552K, 13% used [0x0000000081e00000,0x000000008292d608,0x0000000087380000)
 Metaspace       used 15116K, capacity 15470K, committed 15744K, reserved 1062912K
  class space    used 1691K, capacity 1811K, committed 1920K, reserved 1048576K
}
Event: 659899.643 GC heap before
{Heap before GC invocations=662 (full 0):
 PSYoungGen      total 24576K, used 24096K [0x00000000d5f80000, 0x00000000d7d00000, 0x0000000100000000)
  eden space 24064K, 100% used [0x00000000d5f80000,0x00000000d7700000,0x00000000d7700000)
  from space 512K, 6% used [0x00000000d7c00000,0x00000000d7c08000,0x00000000d7c80000)
  to   space 512K, 0% used [0x00000000d7c80000,0x00000000d7c80000,0x00000000d7d00000)
 ParOldGen       total 87552K, used 11445K [0x0000000081e00000, 0x0000000087380000, 0x00000000d5f80000)
  object space 87552K, 13% used [0x0000000081e00000,0x000000008292d608,0x0000000087380000)
 Metaspace       used 15116K, capacity 15470K, committed 15744K, reserved 1062912K
  class space    used 1691K, capacity 1811K, committed 1920K, reserved 1048576K
Event: 659900.592 GC heap after
Heap after GC invocations=662 (full 0):
 PSYoungGen      total 24576K, used 64K [0x00000000d5f80000, 0x00000000d7d00000, 0x0000000100000000)
  eden space 24064K, 0% used [0x00000000d5f80000,0x00000000d5f80000,0x00000000d7700000)
  from space 512K, 12% used [0x00000000d7c80000,0x00000000d7c90000,0x00000000d7d00000)
  to   space 512K, 0% used [0x00000000d7c00000,0x00000000d7c00000,0x00000000d7c80000)
 ParOldGen       total 87552K, used 11453K [0x0000000081e00000, 0x0000000087380000, 0x00000000d5f80000)
  object space 87552K, 13% used [0x0000000081e00000,0x000000008292f608,0x0000000087380000)
 Metaspace       used 15116K, capacity 15470K, committed 15744K, reserved 1062912K
  class space    used 1691K, capacity 1811K, committed 1920K, reserved 1048576K
}
Event: 662186.007 GC heap before
{Heap before GC invocations=663 (full 0):
 PSYoungGen      total 24576K, used 24128K [0x00000000d5f80000, 0x00000000d7d00000, 0x0000000100000000)
  eden space 24064K, 100% used [0x00000000d5f80000,0x00000000d7700000,0x00000000d7700000)
  from space 512K, 12% used [0x00000000d7c80000,0x00000000d7c90000,0x00000000d7d00000)
  to   space 512K, 0% used [0x00000000d7c00000,0x00000000d7c00000,0x00000000d7c80000)
 ParOldGen       total 87552K, used 11453K [0x0000000081e00000, 0x0000000087380000, 0x00000000d5f80000)
  object space 87552K, 13% used [0x0000000081e00000,0x000000008292f608,0x0000000087380000)
 Metaspace       used 15116K, capacity 15470K, committed 15744K, reserved 1062912K
  class space    used 1691K, capacity 1811K, committed 1920K, reserved 1048576K
Event: 662186.409 GC heap after
Heap after GC invocations=663 (full 0):
 PSYoungGen      total 24576K, used 64K [0x00000000d5f80000, 0x00000000d7d00000, 0x0000000100000000)
  eden space 24064K, 0% used [0x00000000d5f80000,0x00000000d5f80000,0x00000000d7700000)
  from space 512K, 12% used [0x00000000d7c00000,0x00000000d7c10000,0x00000000d7c80000)
  to   space 512K, 0% used [0x00000000d7c80000,0x00000000d7c80000,0x00000000d7d00000)
 ParOldGen       total 87552K, used 11461K [0x0000000081e00000, 0x0000000087380000, 0x00000000d5f80000)
  object space 87552K, 13% used [0x0000000081e00000,0x0000000082931608,0x0000000087380000)
 Metaspace       used 15116K, capacity 15470K, committed 15744K, reserved 1062912K
  class space    used 1691K, capacity 1811K, committed 1920K, reserved 1048576K
}
Event: 664326.623 GC heap before
{Heap before GC invocations=664 (full 0):
 PSYoungGen      total 24576K, used 24128K [0x00000000d5f80000, 0x00000000d7d00000, 0x0000000100000000)
  eden space 24064K, 100% used [0x00000000d5f80000,0x00000000d7700000,0x00000000d7700000)
  from space 512K, 12% used [0x00000000d7c00000,0x00000000d7c10000,0x00000000d7c80000)
  to   space 512K, 0% used [0x00000000d7c80000,0x00000000d7c80000,0x00000000d7d00000)
 ParOldGen       total 87552K, used 11461K [0x0000000081e00000, 0x0000000087380000, 0x00000000d5f80000)
  object space 87552K, 13% used [0x0000000081e00000,0x0000000082931608,0x0000000087380000)
 Metaspace       used 15116K, capacity 15470K, committed 15744K, reserved 1062912K
  class space    used 1691K, capacity 1811K, committed 1920K, reserved 1048576K
Event: 664327.004 GC heap after
Heap after GC invocations=664 (full 0):
 PSYoungGen      total 24576K, used 128K [0x00000000d5f80000, 0x00000000d7d00000, 0x0000000100000000)
  eden space 24064K, 0% used [0x00000000d5f80000,0x00000000d5f80000,0x00000000d7700000)
  from space 512K, 25% used [0x00000000d7c80000,0x00000000d7ca0000,0x00000000d7d00000)
  to   space 512K, 0% used [0x00000000d7c00000,0x00000000d7c00000,0x00000000d7c80000)
 ParOldGen       total 87552K, used 11477K [0x0000000081e00000, 0x0000000087380000, 0x00000000d5f80000)
  object space 87552K, 13% used [0x0000000081e00000,0x0000000082935608,0x0000000087380000)
 Metaspace       used 15116K, capacity 15470K, committed 15744K, reserved 1062912K
  class space    used 1691K, capacity 1811K, committed 1920K, reserved 1048576K
}

