# JRE version: Java(TM) SE Runtime Environment (8.0_60-b27) (build 1.8.0_60-b27)
# Java VM: Java HotSpot(TM) 64-Bit Server VM (25.60-b23 mixed mode windows-amd64 compressed oops)
Heap:
 PSYoungGen      total 24576K, used 6832K [0x00000000d5f80000, 0x00000000d7880000, 0x0000000100000000)
  eden space 24064K, 28% used [0x00000000d5f80000,0x00000000d661c358,0x00000000d7700000)
  from space 512K, 12% used [0x00000000d7800000,0x00000000d7810000,0x00000000d7880000)
  to   space 512K, 0% used [0x00000000d7780000,0x00000000d7780000,0x00000000d7800000)
 ParOldGen       total 87552K, used 8001K [0x0000000081e00000, 0x0000000087380000, 0x00000000d5f80000)
  object space 87552K, 9% used [0x0000000081e00000,0x00000000825d0448,0x0000000087380000)
 Metaspace       used 14900K, capacity 15282K, committed 15488K, reserved 1062912K
  class space    used 1692K, capacity 1813K, committed 1920K, reserved 1048576K
GC Heap History (10 events):
Event: 382018.861 GC heap before
{Heap before GC invocations=388 (full 0):
 PSYoungGen      total 24576K, used 24096K [0x00000000d5f80000, 0x00000000d7880000, 0x0000000100000000)
  eden space 24064K, 100% used [0x00000000d5f80000,0x00000000d7700000,0x00000000d7700000)
  from space 512K, 6% used [0x00000000d7780000,0x00000000d7788000,0x00000000d7800000)
  to   space 512K, 0% used [0x00000000d7800000,0x00000000d7800000,0x00000000d7880000)
 ParOldGen       total 87552K, used 7993K [0x0000000081e00000, 0x0000000087380000, 0x00000000d5f80000)
  object space 87552K, 9% used [0x0000000081e00000,0x00000000825ce448,0x0000000087380000)
 Metaspace       used 14899K, capacity 15282K, committed 15488K, reserved 1062912K
  class space    used 1692K, capacity 1813K, committed 1920K, reserved 1048576K
Event: 382018.863 GC heap after
Heap after GC invocations=388 (full 0):
 PSYoungGen      total 24576K, used 64K [0x00000000d5f80000, 0x00000000d7880000, 0x0000000100000000)
  eden space 24064K, 0% used [0x00000000d5f80000,0x00000000d5f80000,0x00000000d7700000)
  from space 512K, 12% used [0x00000000d7800000,0x00000000d7810000,0x00000000d7880000)
  to   space 512K, 0% used [0x00000000d7780000,0x00000000d7780000,0x00000000d7800000)
 ParOldGen       total 87552K, used 7993K [0x0000000081e00000, 0x0000000087380000, 0x00000000d5f80000)
  object space 87552K, 9% used [0x0000000081e00000,0x00000000825ce448,0x0000000087380000)
 Metaspace       used 14899K, capacity 15282K, committed 15488K, reserved 1062912K
  class space    used 1692K, capacity 1813K, committed 1920K, reserved 1048576K
}
Event: 382084.160 GC heap before
{Heap before GC invocations=389 (full 0):
 PSYoungGen      total 24576K, used 24128K [0x00000000d5f80000, 0x00000000d7880000, 0x0000000100000000)
  eden space 24064K, 100% used [0x00000000d5f80000,0x00000000d7700000,0x00000000d7700000)
  from space 512K, 12% used [0x00000000d7800000,0x00000000d7810000,0x00000000d7880000)
  to   space 512K, 0% used [0x00000000d7780000,0x00000000d7780000,0x00000000d7800000)
 ParOldGen       total 87552K, used 7993K [0x0000000081e00000, 0x0000000087380000, 0x00000000d5f80000)
  object space 87552K, 9% used [0x0000000081e00000,0x00000000825ce448,0x0000000087380000)
 Metaspace       used 14899K, capacity 15282K, committed 15488K, reserved 1062912K
  class space    used 1692K, capacity 1813K, committed 1920K, reserved 1048576K
Event: 382084.161 GC heap after
Heap after GC invocations=389 (full 0):
 PSYoungGen      total 24576K, used 96K [0x00000000d5f80000, 0x00000000d7880000, 0x0000000100000000)
  eden space 24064K, 0% used [0x00000000d5f80000,0x00000000d5f80000,0x00000000d7700000)
  from space 512K, 18% used [0x00000000d7780000,0x00000000d7798000,0x00000000d7800000)
  to   space 512K, 0% used [0x00000000d7800000,0x00000000d7800000,0x00000000d7880000)
 ParOldGen       total 87552K, used 8001K [0x0000000081e00000, 0x0000000087380000, 0x00000000d5f80000)
  object space 87552K, 9% used [0x0000000081e00000,0x00000000825d0448,0x0000000087380000)
 Metaspace       used 14899K, capacity 15282K, committed 15488K, reserved 1062912K
  class space    used 1692K, capacity 1813K, committed 1920K, reserved 1048576K
}
Event: 382114.258 GC heap before
{Heap before GC invocations=390 (full 0):
 PSYoungGen      total 24576K, used 24160K [0x00000000d5f80000, 0x00000000d7880000, 0x0000000100000000)
  eden space 24064K, 100% used [0x00000000d5f80000,0x00000000d7700000,0x00000000d7700000)
  from space 512K, 18% used [0x00000000d7780000,0x00000000d7798000,0x00000000d7800000)
  to   space 512K, 0% used [0x00000000d7800000,0x00000000d7800000,0x00000000d7880000)
 ParOldGen       total 87552K, used 8001K [0x0000000081e00000, 0x0000000087380000, 0x00000000d5f80000)
  object space 87552K, 9% used [0x0000000081e00000,0x00000000825d0448,0x0000000087380000)
 Metaspace       used 14899K, capacity 15282K, committed 15488K, reserved 1062912K
  class space    used 1692K, capacity 1813K, committed 1920K, reserved 1048576K
Event: 382114.259 GC heap after
Heap after GC invocations=390 (full 0):
 PSYoungGen      total 24576K, used 64K [0x00000000d5f80000, 0x00000000d7880000, 0x0000000100000000)
  eden space 24064K, 0% used [0x00000000d5f80000,0x00000000d5f80000,0x00000000d7700000)
  from space 512K, 12% used [0x00000000d7800000,0x00000000d7810000,0x00000000d7880000)
  to   space 512K, 0% used [0x00000000d7780000,0x00000000d7780000,0x00000000d7800000)
 ParOldGen       total 87552K, used 8001K [0x0000000081e00000, 0x0000000087380000, 0x00000000d5f80000)
  object space 87552K, 9% used [0x0000000081e00000,0x00000000825d0448,0x0000000087380000)
 Metaspace       used 14899K, capacity 15282K, committed 15488K, reserved 1062912K
  class space    used 1692K, capacity 1813K, committed 1920K, reserved 1048576K
}
Event: 382186.328 GC heap before
{Heap before GC invocations=391 (full 0):
 PSYoungGen      total 24576K, used 24128K [0x00000000d5f80000, 0x00000000d7880000, 0x0000000100000000)
  eden space 24064K, 100% used [0x00000000d5f80000,0x00000000d7700000,0x00000000d7700000)
  from space 512K, 12% used [0x00000000d7800000,0x00000000d7810000,0x00000000d7880000)
  to   space 512K, 0% used [0x00000000d7780000,0x00000000d7780000,0x00000000d7800000)
 ParOldGen       total 87552K, used 8001K [0x0000000081e00000, 0x0000000087380000, 0x00000000d5f80000)
  object space 87552K, 9% used [0x0000000081e00000,0x00000000825d0448,0x0000000087380000)
 Metaspace       used 14899K, capacity 15282K, committed 15488K, reserved 1062912K
  class space    used 1692K, capacity 1813K, committed 1920K, reserved 1048576K
Event: 382186.328 GC heap after
Heap after GC invocations=391 (full 0):
 PSYoungGen      total 24576K, used 96K [0x00000000d5f80000, 0x00000000d7880000, 0x0000000100000000)
  eden space 24064K, 0% used [0x00000000d5f80000,0x00000000d5f80000,0x00000000d7700000)
  from space 512K, 18% used [0x00000000d7780000,0x00000000d7798000,0x00000000d7800000)
  to   space 512K, 0% used [0x00000000d7800000,0x00000000d7800000,0x00000000d7880000)
 ParOldGen       total 87552K, used 8001K [0x0000000081e00000, 0x0000000087380000, 0x00000000d5f80000)
  object space 87552K, 9% used [0x0000000081e00000,0x00000000825d0448,0x0000000087380000)
 Metaspace       used 14899K, capacity 15282K, committed 15488K, reserved 1062912K
  class space    used 1692K, capacity 1813K, committed 1920K, reserved 1048576K
}
Event: 382262.101 GC heap before
{Heap before GC invocations=392 (full 0):
 PSYoungGen      total 24576K, used 24160K [0x00000000d5f80000, 0x00000000d7880000, 0x0000000100000000)
  eden space 24064K, 100% used [0x00000000d5f80000,0x00000000d7700000,0x00000000d7700000)
  from space 512K, 18% used [0x00000000d7780000,0x00000000d7798000,0x00000000d7800000)
  to   space 512K, 0% used [0x00000000d7800000,0x00000000d7800000,0x00000000d7880000)
 ParOldGen       total 87552K, used 8001K [0x0000000081e00000, 0x0000000087380000, 0x00000000d5f80000)
  object space 87552K, 9% used [0x0000000081e00000,0x00000000825d0448,0x0000000087380000)
 Metaspace       used 14899K, capacity 15282K, committed 15488K, reserved 1062912K
  class space    used 1692K, capacity 1813K, committed 1920K, reserved 1048576K
Event: 382262.102 GC heap after
Heap after GC invocations=392 (full 0):
 PSYoungGen      total 24576K, used 64K [0x00000000d5f80000, 0x00000000d7880000, 0x0000000100000000)
  eden space 24064K, 0% used [0x00000000d5f80000,0x00000000d5f80000,0x00000000d7700000)
  from space 512K, 12% used [0x00000000d7800000,0x00000000d7810000,0x00000000d7880000)
  to   space 512K, 0% used [0x00000000d7780000,0x00000000d7780000,0x00000000d7800000)
 ParOldGen       total 87552K, used 8001K [0x0000000081e00000, 0x0000000087380000, 0x00000000d5f80000)
  object space 87552K, 9% used [0x0000000081e00000,0x00000000825d0448,0x0000000087380000)
 Metaspace       used 14899K, capacity 15282K, committed 15488K, reserved 1062912K
  class space    used 1692K, capacity 1813K, committed 1920K, reserved 1048576K
}

